<?xml version="1.0" encoding="UTF-8"?>
<coverage generated="1595341257531" clover="3.2.0">
  <project timestamp="1595341257531" name="All files">
    <metrics statements="4" coveredstatements="4" conditionals="1" coveredconditionals="1" methods="0" coveredmethods="0" elements="5" coveredelements="5" complexity="0" loc="4" ncloc="4" packages="1" files="1" classes="1"/>
    <file name="mstr.js" path="/Users/mpastrana/trabajos/dev/projects/microstrategy-api-node/lib/mstr.js">
      <metrics statements="4" coveredstatements="4" conditionals="1" coveredconditionals="1" methods="0" coveredmethods="0"/>
      <line num="1" count="1" type="stmt"/>
      <line num="2" count="1" type="stmt"/>
      <line num="3" count="1" type="stmt"/>
      <line num="4" count="1" type="cond" truecount="1" falsecount="0"/>
    </file>
  </project>
</coverage>
