{"/Users/mpastrana/trabajos/dev/projects/microstrategy-api-node/lib/mstr.js": {"path":"/Users/mpastrana/trabajos/dev/projects/microstrategy-api-node/lib/mstr.js","statementMap":{"0":{"start":{"line":1,"column":0},"end":{"line":1,"column":18}},"1":{"start":{"line":2,"column":0},"end":{"line":2,"column":26}},"2":{"start":{"line":3,"column":0},"end":{"line":3,"column":28}},"3":{"start":{"line":4,"column":0},"end":{"line":4,"column":2}}},"s":{"0":1,"1":1,"2":1,"3":1},"branchMap":{"0":{"type":"branch","line":4,"loc":{"start":{"line":4,"column":2},"end":{"line":4,"column":2}},"locations":[{"start":{"line":4,"column":2},"end":{"line":4,"column":2}}]}},"b":{"0":[2]},"fnMap":{},"f":{}}
}
